<?xml version="1.0" encoding="UTF-8"?>
<!-- Generated by org.testng.reporters.JUnitXMLReporter -->
<testsuite hostname="AUSANX5811" name="GRP-Wiki" tests="2" failures="0" timestamp="9 Apr 2015 21:42:38 GMT" time="15.699" errors="0">
  <testcase name="testCodeDrivenTestingHeaderExists" time="15.594" classname="org.wellaware.test.auto.TestWikiTestAutomationPage"/>
  <testcase name="testOverviewHeaderExists" time="0.092" classname="org.wellaware.test.auto.TestWikiTestAutomationPage"/>
</testsuite> <!-- GRP-Wiki -->
