<?xml version="1.0" encoding="UTF-8"?>
<!-- Generated by org.testng.reporters.JUnitXMLReporter -->
<testsuite hostname="Surajs-MBP.attlocal.net" name="GRP-Wikipedia" tests="3" failures="0" timestamp="9 Apr 2015 06:19:15 GMT" time="18.955" errors="0">
  <testcase name="verifyHeaderCodeDrivenTesting" time="0.013" classname="org.wellaware.test.auto.TestWikiTestAutomationPage"/>
  <testcase name="verifyHeaderOverview" time="3.614" classname="org.wellaware.test.auto.TestWikiTestAutomationPage"/>
  <testcase name="assertValueMatchesSelection" time="15.314" classname="org.wellaware.test.auto.TestWikiContinuousDeliveryPage"/>
</testsuite> <!-- GRP-Wikipedia -->
