<?xml version="1.0" encoding="UTF-8"?>
<!-- Generated by org.testng.reporters.JUnitXMLReporter -->
<testsuite hostname="AUSANX5811" name="GRP-SauceLabs,Wiki" tests="3" failures="0" timestamp="9 Apr 2015 22:19:41 GMT" time="34.633" errors="0">
  <testcase name="testCodeMatchesExpected" time="14.515" classname="org.wellaware.test.auto.TestAutomatedPageConfigurator"/>
  <testcase name="testCodeDrivenTestingHeaderExists" time="13.626" classname="org.wellaware.test.auto.TestWikiTestAutomationPage"/>
  <testcase name="testOverviewHeaderExists" time="0.089" classname="org.wellaware.test.auto.TestWikiTestAutomationPage"/>
</testsuite> <!-- GRP-SauceLabs,Wiki -->
